[14:52:54] [INFO ] [main] [CYAN/LOADER] - Starting CYAN in: /run/media/stefan/Externe HDD/AerialWorks Software Foundation/Development/Cyan Mod Framework/CyanWrapper/.cyan-data
[14:52:55] [INFO ] [main] [CYAN/CORE] - Connecting to https://aerialworks.ddns.net/maven, downloading version information...
[14:52:55] [INFO ] [main] [CYAN/CORE] - Received version suffix: Latest ALPHA
[14:52:55] [INFO ] [main] [CYAN/MAPPINGS] - Loading 1.16.5 VANILLA CLIENT mappings...
[14:53:04] [INFO ] [main] [CYAN/LOADER] - Starting CyanCore...
[14:53:04] [INFO ] [main] [CYAN/LOADER] - Loading FLUID mappings...
[14:53:04] [INFO ] [main] [CYAN/LOADER] - Loading FLUID class load hooks...
[14:53:04] [INFO ] [main] [CYAN/FLUID] - Loading class hook TitleModification, target class: com.mojang.blaze3d.platform.Window
[14:53:04] [INFO ] [main] [CYAN/FLUID] - Loading class hook BrandModification, target class: net.minecraft.client.ClientBrandRetriever
[14:53:04] [INFO ] [main] [CYAN/FLUID] - Loading class hook MinecraftServerModification, target class: net.minecraft.server.MinecraftServer
[14:53:04] [INFO ] [main] [CYAN/LOADER] - Loading FLUID transformers...
[14:53:04] [INFO ] [main] [CYAN/LOADER] - Loading Cyan Coremods...
[14:53:04] [INFO ] [main] [CYAN/CORE] - Searching for Cyan Components in loaded jars...
[14:53:04] [INFO ] [main] [CYAN/MINECRAFT] - Downloading manifest from https://launchermeta.mojang.com/mc/game/version_manifest.json...
[14:53:04] [INFO ] [main] [CYAN/MINECRAFT] - Parsing manifest to json...
[14:53:04] [INFO ] [main] [CYAN/MINECRAFT] - Reading manifest...
[14:53:04] [INFO ] [main] [CYAN/MINECRAFT] - Adding versions...
[14:53:04] [INFO ] [main] [CYAN/MINECRAFT] - Received latest snapshot version: 21w08b
[14:53:04] [INFO ] [main] [CYAN/MINECRAFT] - Received latest release version: 1.16.5
[14:53:05] [INFO ] [main] [CYAN/MINECRAFT] - Download completed, added/updated 562 versions
[14:53:05] [INFO ] [main] [CYAN/INSTALLATION] - Downloading version manifest from https://launchermeta.mojang.com/v1/packages/436877ffaef948954053e1a78a366b8b7c204a91/1.16.5.json...
[14:53:05] [INFO ] [main] [CYAN/INSTALLATION] - Parsing manifest to json...
[14:53:05] [INFO ] [main] [CYAN/INSTALLATION] - Generating 1.16.5 JVM arguments...
